<?xml version="1.0" encoding="UTF-8"?>
<testng-results ignored="0" total="1" passed="1" failed="0" skipped="0">
  <reporter-output>
  </reporter-output>
  <suite started-at="2022-11-15T19:02:50 IST" name="Default suite" finished-at="2022-11-15T19:03:11 IST" duration-ms="20964">
    <groups>
    </groups>
    <test started-at="2022-11-15T19:02:50 IST" name="Default test" finished-at="2022-11-15T19:03:11 IST" duration-ms="20964">
      <class name="org.testvagrant.ImdbAndWikiPagesValidation">
        <test-method is-config="true" signature="classSetup()[pri:0, instance:org.testvagrant.ImdbAndWikiPagesValidation@1ed6388a]" started-at="2022-11-15T19:02:50 IST" name="classSetup" finished-at="2022-11-15T19:02:55 IST" duration-ms="5301" status="PASS">
          <reporter-output>
          </reporter-output>
        </test-method> <!-- classSetup -->
        <test-method signature="ValidationOfImdbAndWikiPage()[pri:0, instance:org.testvagrant.ImdbAndWikiPagesValidation@1ed6388a]" started-at="2022-11-15T19:02:55 IST" name="ValidationOfImdbAndWikiPage" finished-at="2022-11-15T19:03:10 IST" duration-ms="15300" status="PASS">
          <reporter-output>
          </reporter-output>
        </test-method> <!-- ValidationOfImdbAndWikiPage -->
        <test-method is-config="true" signature="classTearDown()[pri:0, instance:org.testvagrant.ImdbAndWikiPagesValidation@1ed6388a]" started-at="2022-11-15T19:03:10 IST" name="classTearDown" finished-at="2022-11-15T19:03:11 IST" duration-ms="333" status="PASS">
          <reporter-output>
          </reporter-output>
        </test-method> <!-- classTearDown -->
      </class> <!-- org.testvagrant.ImdbAndWikiPagesValidation -->
    </test> <!-- Default test -->
  </suite> <!-- Default suite -->
</testng-results>
